2022-07-11 21:11:03,541 - run.py[line:19] - INFO: LSTM_Resnet model starts training...
2022-07-11 21:11:03,779 - run.py[line:31] - INFO: Loading data...
2022-07-11 21:11:03,781 - run.py[line:35] - INFO: Time usage:0:00:00
2022-07-11 21:11:05,825 - train_eval.py[line:45] - INFO: Epoch [1/30]
2022-07-11 21:11:43,185 - train_eval.py[line:87] - INFO: Train Loss: 1.23423,  Train Acc: 49.38%,  Train F1: 27.64%,  Val Loss:   1.3,  Val Acc: 48.75%,  Val F1: 29.14%
2022-07-11 21:11:43,185 - train_eval.py[line:88] - INFO: Precision, Recall and F1-Score...
2022-07-11 21:11:43,185 - train_eval.py[line:89] - INFO:               precision    recall  f1-score   support

    negative     0.0000    0.0000    0.0000       238
     neutral     0.1568    0.3021    0.2064        96
    positive     0.5870    0.7747    0.6679       466

    accuracy                         0.4875       800
   macro avg     0.2479    0.3589    0.2914       800
weighted avg     0.3607    0.4875    0.4138       800

2022-07-11 21:11:43,185 - train_eval.py[line:90] - INFO: Confusion Matrix...
2022-07-11 21:11:43,185 - train_eval.py[line:91] - INFO: [[  0  51 187]
 [  0  29  67]
 [  0 105 361]]
2022-07-11 21:11:43,362 - train_eval.py[line:45] - INFO: Epoch [2/30]
2022-07-11 21:12:20,192 - train_eval.py[line:87] - INFO: Train Loss: 1.22031,  Train Acc: 54.66%,  Train F1: 28.43%,  Val Loss:   1.2,  Val Acc: 52.00%,  Val F1: 29.04%
2022-07-11 21:12:20,192 - train_eval.py[line:88] - INFO: Precision, Recall and F1-Score...
2022-07-11 21:12:20,192 - train_eval.py[line:89] - INFO:               precision    recall  f1-score   support

    negative     0.0000    0.0000    0.0000       238
     neutral     0.1727    0.1979    0.1845        96
    positive     0.5754    0.8519    0.6869       466

    accuracy                         0.5200       800
   macro avg     0.2494    0.3499    0.2904       800
weighted avg     0.3559    0.5200    0.4222       800

2022-07-11 21:12:20,192 - train_eval.py[line:90] - INFO: Confusion Matrix...
2022-07-11 21:12:20,192 - train_eval.py[line:91] - INFO: [[  0  22 216]
 [  0  19  77]
 [  0  69 397]]
2022-07-11 21:12:20,192 - train_eval.py[line:45] - INFO: Epoch [3/30]
2022-07-11 21:12:57,856 - train_eval.py[line:87] - INFO: Train Loss: 1.19947,  Train Acc: 58.38%,  Train F1: 27.09%,  Val Loss:   1.2,  Val Acc: 56.25%,  Val F1: 25.67%
2022-07-11 21:12:57,856 - train_eval.py[line:88] - INFO: Precision, Recall and F1-Score...
2022-07-11 21:12:57,856 - train_eval.py[line:89] - INFO:               precision    recall  f1-score   support

    negative     0.0000    0.0000    0.0000       238
     neutral     0.1154    0.0312    0.0492        96
    positive     0.5775    0.9592    0.7210       466

    accuracy                         0.5625       800
   macro avg     0.2310    0.3302    0.2567       800
weighted avg     0.3503    0.5625    0.4259       800

2022-07-11 21:12:57,856 - train_eval.py[line:90] - INFO: Confusion Matrix...
2022-07-11 21:12:57,856 - train_eval.py[line:91] - INFO: [[  0   4 234]
 [  0   3  93]
 [  0  19 447]]
2022-07-11 21:12:57,856 - train_eval.py[line:45] - INFO: Epoch [4/30]
2022-07-11 21:13:36,922 - train_eval.py[line:87] - INFO: Train Loss: 1.17072,  Train Acc: 60.00%,  Train F1: 25.60%,  Val Loss:   1.2,  Val Acc: 58.00%,  Val F1: 24.51%
2022-07-11 21:13:36,922 - train_eval.py[line:88] - INFO: Precision, Recall and F1-Score...
2022-07-11 21:13:36,922 - train_eval.py[line:89] - INFO:               precision    recall  f1-score   support

    negative     0.0000    0.0000    0.0000       238
     neutral     0.0000    0.0000    0.0000        96
    positive     0.5829    0.9957    0.7353       466

    accuracy                         0.5800       800
   macro avg     0.1943    0.3319    0.2451       800
weighted avg     0.3395    0.5800    0.4283       800

2022-07-11 21:13:36,922 - train_eval.py[line:90] - INFO: Confusion Matrix...
2022-07-11 21:13:36,922 - train_eval.py[line:91] - INFO: [[  0   2 236]
 [  0   0  96]
 [  0   2 464]]
2022-07-11 21:13:36,923 - train_eval.py[line:45] - INFO: Epoch [5/30]
2022-07-11 21:14:17,008 - train_eval.py[line:87] - INFO: Train Loss: 1.14164,  Train Acc: 60.06%,  Train F1: 25.02%,  Val Loss:   1.2,  Val Acc: 58.25%,  Val F1: 24.54%
2022-07-11 21:14:17,008 - train_eval.py[line:88] - INFO: Precision, Recall and F1-Score...
2022-07-11 21:14:17,008 - train_eval.py[line:89] - INFO:               precision    recall  f1-score   support

    negative     0.0000    0.0000    0.0000       238
     neutral     0.0000    0.0000    0.0000        96
    positive     0.5825    1.0000    0.7362       466

    accuracy                         0.5825       800
   macro avg     0.1942    0.3333    0.2454       800
weighted avg     0.3393    0.5825    0.4288       800

2022-07-11 21:14:17,008 - train_eval.py[line:90] - INFO: Confusion Matrix...
2022-07-11 21:14:17,008 - train_eval.py[line:91] - INFO: [[  0   0 238]
 [  0   0  96]
 [  0   0 466]]
2022-07-11 21:14:17,009 - train_eval.py[line:45] - INFO: Epoch [6/30]
2022-07-11 21:14:58,001 - train_eval.py[line:87] - INFO: Train Loss: 1.13483,  Train Acc: 60.03%,  Train F1: 25.01%,  Val Loss:   1.2,  Val Acc: 58.25%,  Val F1: 24.54%
2022-07-11 21:14:58,001 - train_eval.py[line:88] - INFO: Precision, Recall and F1-Score...
2022-07-11 21:14:58,001 - train_eval.py[line:89] - INFO:               precision    recall  f1-score   support

    negative     0.0000    0.0000    0.0000       238
     neutral     0.0000    0.0000    0.0000        96
    positive     0.5825    1.0000    0.7362       466

    accuracy                         0.5825       800
   macro avg     0.1942    0.3333    0.2454       800
weighted avg     0.3393    0.5825    0.4288       800

2022-07-11 21:14:58,001 - train_eval.py[line:90] - INFO: Confusion Matrix...
2022-07-11 21:14:58,001 - train_eval.py[line:91] - INFO: [[  0   0 238]
 [  0   0  96]
 [  0   0 466]]
2022-07-11 21:14:58,001 - train_eval.py[line:45] - INFO: Epoch [7/30]
2022-07-11 21:15:39,403 - train_eval.py[line:87] - INFO: Train Loss: 1.12956,  Train Acc: 60.06%,  Train F1: 25.02%,  Val Loss:   1.2,  Val Acc: 58.25%,  Val F1: 24.54%
2022-07-11 21:15:39,404 - train_eval.py[line:88] - INFO: Precision, Recall and F1-Score...
2022-07-11 21:15:39,404 - train_eval.py[line:89] - INFO:               precision    recall  f1-score   support

    negative     0.0000    0.0000    0.0000       238
     neutral     0.0000    0.0000    0.0000        96
    positive     0.5825    1.0000    0.7362       466

    accuracy                         0.5825       800
   macro avg     0.1942    0.3333    0.2454       800
weighted avg     0.3393    0.5825    0.4288       800

2022-07-11 21:15:39,404 - train_eval.py[line:90] - INFO: Confusion Matrix...
2022-07-11 21:15:39,404 - train_eval.py[line:91] - INFO: [[  0   0 238]
 [  0   0  96]
 [  0   0 466]]
2022-07-11 21:15:39,404 - train_eval.py[line:45] - INFO: Epoch [8/30]
2022-07-11 21:16:21,842 - train_eval.py[line:87] - INFO: Train Loss: 1.12348,  Train Acc: 60.06%,  Train F1: 25.02%,  Val Loss:   1.2,  Val Acc: 58.25%,  Val F1: 24.54%
2022-07-11 21:16:21,842 - train_eval.py[line:88] - INFO: Precision, Recall and F1-Score...
2022-07-11 21:16:21,842 - train_eval.py[line:89] - INFO:               precision    recall  f1-score   support

    negative     0.0000    0.0000    0.0000       238
     neutral     0.0000    0.0000    0.0000        96
    positive     0.5825    1.0000    0.7362       466

    accuracy                         0.5825       800
   macro avg     0.1942    0.3333    0.2454       800
weighted avg     0.3393    0.5825    0.4288       800

2022-07-11 21:16:21,842 - train_eval.py[line:90] - INFO: Confusion Matrix...
2022-07-11 21:16:21,842 - train_eval.py[line:91] - INFO: [[  0   0 238]
 [  0   0  96]
 [  0   0 466]]
2022-07-11 21:16:21,842 - train_eval.py[line:99] - INFO: No optimization for a long time, auto-stopping...
2022-07-11 21:16:27,372 - train_eval.py[line:118] - INFO: Test Loss:   1.2,  Test Acc: 52.88%, Test F1:28.44%
2022-07-11 21:16:27,372 - train_eval.py[line:119] - INFO: Precision, Recall and F1-Score...
2022-07-11 21:16:27,373 - train_eval.py[line:120] - INFO:               precision    recall  f1-score   support

    negative     0.0000    0.0000    0.0000       238
     neutral     0.1515    0.1562    0.1538        96
    positive     0.5820    0.8755    0.6992       466

    accuracy                         0.5288       800
   macro avg     0.2445    0.3439    0.2844       800
weighted avg     0.3572    0.5288    0.4258       800

2022-07-11 21:16:27,373 - train_eval.py[line:121] - INFO: Confusion Matrix...
2022-07-11 21:16:27,373 - train_eval.py[line:122] - INFO: [[  0  26 212]
 [  0  15  81]
 [  0  58 408]]
2022-07-11 21:16:27,373 - train_eval.py[line:124] - INFO: Time usage:0:00:05
2022-07-11 21:16:32,347 - run.py[line:42] - INFO: LSTM_Resnet model training end...
